2019-10-02 09:39:52,069 ERROR: Failed to find any loadable ArgoUML modules in jar C:\Program Files (x86)\ArgoUML\ext\anarres-cpp-no-dependencies-1.2.3.jar (ModuleLoader2.java:652)
2019-10-02 09:39:52,315 ERROR: Failed to find any loadable ArgoUML modules in jar C:\Program Files (x86)\ArgoUML\ext\antlr-2.7.7.jar (ModuleLoader2.java:652)
2019-10-02 09:39:52,422 ERROR: Failed to find any loadable ArgoUML modules in jar C:\Program Files (x86)\ArgoUML\ext\antlr-runtime-3.1.1.jar (ModuleLoader2.java:652)
2019-10-02 09:39:54,442  WARN: No class name translation found for panel: Primitive (MetaDataCache.java:129)
2019-10-02 09:50:45,627  WARN: Could not find rectangle intersection, using inner point. (PathItemPlacement.java:701)
2019-10-02 09:50:45,667  WARN: Could not find rectangle intersection, using inner point. (PathItemPlacement.java:701)
2019-10-02 09:53:07,719  WARN: Encountered deleted object during delete of AssociationEnd$Impl  ID: -64--88-1-37--12f71439:16d8b9ff957:-8000:000000000000086E  MID: (not available)  OPCKG: (not available) (NotationProvider.java:177)
2019-10-02 09:53:07,720  WARN: Encountered deleted object during delete of AssociationEnd$Impl  ID: -64--88-1-37--12f71439:16d8b9ff957:-8000:000000000000086E  MID: (not available)  OPCKG: (not available) (NotationProvider.java:177)
2019-10-02 09:53:07,724  WARN: Encountered deleted object during delete of AssociationEnd$Impl  ID: -64--88-1-37--12f71439:16d8b9ff957:-8000:000000000000086F  MID: (not available)  OPCKG: (not available) (NotationProvider.java:177)
2019-10-02 09:53:07,725  WARN: Encountered deleted object during delete of AssociationEnd$Impl  ID: -64--88-1-37--12f71439:16d8b9ff957:-8000:000000000000086F  MID: (not available)  OPCKG: (not available) (NotationProvider.java:177)
2019-10-02 09:53:47,905  WARN: Could not find rectangle intersection, using inner point. (PathItemPlacement.java:701)
2019-10-02 09:53:47,910  WARN: Could not find rectangle intersection, using inner point. (PathItemPlacement.java:701)
2019-10-02 09:53:47,930  WARN: Could not find rectangle intersection, using inner point. (PathItemPlacement.java:701)
2019-10-02 09:53:47,933  WARN: Could not find rectangle intersection, using inner point. (PathItemPlacement.java:701)
2019-10-02 09:53:47,952  WARN: Could not find rectangle intersection, using inner point. (PathItemPlacement.java:701)
2019-10-02 09:53:47,954  WARN: Could not find rectangle intersection, using inner point. (PathItemPlacement.java:701)
2019-10-02 09:53:47,973  WARN: Could not find rectangle intersection, using inner point. (PathItemPlacement.java:701)
2019-10-02 09:53:47,976  WARN: Could not find rectangle intersection, using inner point. (PathItemPlacement.java:701)
2019-10-02 09:53:47,992  WARN: Could not find rectangle intersection, using inner point. (PathItemPlacement.java:701)
2019-10-02 09:53:47,995  WARN: Could not find rectangle intersection, using inner point. (PathItemPlacement.java:701)
2019-10-02 09:53:48,014  WARN: Could not find rectangle intersection, using inner point. (PathItemPlacement.java:701)
2019-10-02 09:53:48,016  WARN: Could not find rectangle intersection, using inner point. (PathItemPlacement.java:701)
2019-10-02 09:53:48,043  WARN: Could not find rectangle intersection, using inner point. (PathItemPlacement.java:701)
2019-10-02 09:53:48,045  WARN: Could not find rectangle intersection, using inner point. (PathItemPlacement.java:701)
2019-10-02 09:53:48,063  WARN: Could not find rectangle intersection, using inner point. (PathItemPlacement.java:701)
2019-10-02 09:53:48,066  WARN: Could not find rectangle intersection, using inner point. (PathItemPlacement.java:701)
2019-10-02 09:53:48,381  WARN: Could not find rectangle intersection, using inner point. (PathItemPlacement.java:701)
2019-10-02 09:53:48,401  WARN: Could not find rectangle intersection, using inner point. (PathItemPlacement.java:701)
2019-10-02 09:53:48,432  WARN: Could not find rectangle intersection, using inner point. (PathItemPlacement.java:701)
2019-10-02 09:53:48,462  WARN: Could not find rectangle intersection, using inner point. (PathItemPlacement.java:701)
2019-10-02 09:53:48,895  WARN: Could not find rectangle intersection, using inner point. (PathItemPlacement.java:701)
2019-10-02 09:53:48,920  WARN: Could not find rectangle intersection, using inner point. (PathItemPlacement.java:701)
2019-10-02 09:55:39,968  WARN: Could not find rectangle intersection, using inner point. (PathItemPlacement.java:701)
2019-10-02 09:55:40,167  WARN: Could not find rectangle intersection, using inner point. (PathItemPlacement.java:701)
2019-10-02 09:55:40,196  WARN: Could not find rectangle intersection, using inner point. (PathItemPlacement.java:701)
2019-10-02 09:55:40,256  WARN: Could not find rectangle intersection, using inner point. (PathItemPlacement.java:701)
2019-10-02 09:55:40,738  WARN: Could not find rectangle intersection, using inner point. (PathItemPlacement.java:701)
2019-10-02 09:55:40,793  WARN: Could not find rectangle intersection, using inner point. (PathItemPlacement.java:701)
2019-10-02 12:55:49,659  WARN: Unable to add element at correct position 0 added to end instead (SimpleListModel.java:142)
2019-10-02 15:03:16,395  WARN: Unable to add element at correct position 0 added to end instead (SimpleListModel.java:142)
